<?xml version="1.0" encoding="UTF-8"?>
<!-- Generated by org.testng.reporters.JUnitReportReporter -->
<testsuite skipped="0" hostname="4S0L3M2" name="com.bankguru.scripts.NewCustomerScript" tests="52" failures="0" timestamp="10 Sep 2019 13:42:36 GMT" time="67.184" errors="1">
  <testcase name="NC02_NumericCase" time="1.009" classname="com.bankguru.scripts.NewCustomerScript"/>
  <testcase name="NC10_CityWithSpecialCharacter" time="0.791" classname="com.bankguru.scripts.NewCustomerScript"/>
  <testcase name="NC05_AddressEmplty" time="1.440" classname="com.bankguru.scripts.NewCustomerScript"/>
  <testcase name="NC25_TelephoneFieldWithSpecialCharacter" time="0.812" classname="com.bankguru.scripts.NewCustomerScript"/>
  <testcase name="NC30_CreateNewCustomer" time="2.764" classname="com.bankguru.scripts.NewCustomerScript">
    <error type="org.openqa.selenium.UnhandledAlertException" message="unexpected alert open: {Alert text : Customer could not be added !!}
  (Session info: chrome=76.0.3809.132): Customer could not be added !!
Build info: version: &#039;3.11.0&#039;, revision: &#039;e59cfb3&#039;, time: &#039;2018-03-11T20:26:55.152Z&#039;
System info: host: &#039;4S0L3M2&#039;, ip: &#039;192.168.131.2&#039;, os.name: &#039;Windows 10&#039;, os.arch: &#039;amd64&#039;, os.version: &#039;10.0&#039;, java.version: &#039;1.8.0_211&#039;
Driver info: org.openqa.selenium.chrome.ChromeDriver
Capabilities {acceptInsecureCerts: false, browserName: chrome, browserVersion: 76.0.3809.132, chrome: {chromedriverVersion: 76.0.3809.68 (420c9498db8ce..., userDataDir: C:\Users\NGOCTM~1\AppData\L...}, goog:chromeOptions: {debuggerAddress: localhost:61307}, javascriptEnabled: true, networkConnectionEnabled: false, pageLoadStrategy: normal, platform: XP, platformName: XP, proxy: Proxy(), setWindowRect: true, strictFileInteractability: false, timeouts: {implicit: 0, pageLoad: 300000, script: 30000}, unhandledPromptBehavior: dismiss and notify}
Session ID: bf42d55cd29b7ab1626f88444bcba2ee
*** Element info: {Using=xpath, value=//td[contains(text(), &#039;Customer ID&#039;)]/following-sibling::td}">
      <![CDATA[org.openqa.selenium.UnhandledAlertException: unexpected alert open: {Alert text : Customer could not be added !!}
  (Session info: chrome=76.0.3809.132): Customer could not be added !!
Build info: version: '3.11.0', revision: 'e59cfb3', time: '2018-03-11T20:26:55.152Z'
System info: host: '4S0L3M2', ip: '192.168.131.2', os.name: 'Windows 10', os.arch: 'amd64', os.version: '10.0', java.version: '1.8.0_211'
Driver info: org.openqa.selenium.chrome.ChromeDriver
Capabilities {acceptInsecureCerts: false, browserName: chrome, browserVersion: 76.0.3809.132, chrome: {chromedriverVersion: 76.0.3809.68 (420c9498db8ce..., userDataDir: C:\Users\NGOCTM~1\AppData\L...}, goog:chromeOptions: {debuggerAddress: localhost:61307}, javascriptEnabled: true, networkConnectionEnabled: false, pageLoadStrategy: normal, platform: XP, platformName: XP, proxy: Proxy(), setWindowRect: true, strictFileInteractability: false, timeouts: {implicit: 0, pageLoad: 300000, script: 30000}, unhandledPromptBehavior: dismiss and notify}
Session ID: bf42d55cd29b7ab1626f88444bcba2ee
*** Element info: {Using=xpath, value=//td[contains(text(), 'Customer ID')]/following-sibling::td}
at org.openqa.selenium.remote.http.W3CHttpResponseCodec.decode(W3CHttpResponseCodec.java:120)
at org.openqa.selenium.remote.http.W3CHttpResponseCodec.decode(W3CHttpResponseCodec.java:49)
at org.openqa.selenium.remote.HttpCommandExecutor.execute(HttpCommandExecutor.java:158)
at org.openqa.selenium.remote.service.DriverCommandExecutor.execute(DriverCommandExecutor.java:83)
at org.openqa.selenium.remote.RemoteWebDriver.execute(RemoteWebDriver.java:545)
at org.openqa.selenium.remote.RemoteWebDriver.findElements(RemoteWebDriver.java:346)
at org.openqa.selenium.remote.RemoteWebDriver.findElementsByXPath(RemoteWebDriver.java:425)
at org.openqa.selenium.By$ByXPath.findElements(By.java:356)
at org.openqa.selenium.remote.RemoteWebDriver.findElements(RemoteWebDriver.java:307)
at org.openqa.selenium.support.ui.ExpectedConditions.findElement(ExpectedConditions.java:895)
at org.openqa.selenium.support.ui.ExpectedConditions.access$000(ExpectedConditions.java:44)
at org.openqa.selenium.support.ui.ExpectedConditions$7.apply(ExpectedConditions.java:206)
at org.openqa.selenium.support.ui.ExpectedConditions$7.apply(ExpectedConditions.java:202)
at org.openqa.selenium.support.ui.FluentWait.until(FluentWait.java:248)
at common.CommonFunctions.waitForElementVisible(CommonFunctions.java:238)
at com.bankguru.actions.NewCustomerPage.getCustomerId(NewCustomerPage.java:145)
at com.bankguru.scripts.NewCustomerScript.NC30_CreateNewCustomer(NewCustomerScript.java:316)
at sun.reflect.NativeMethodAccessorImpl.invoke0(Native Method)
at sun.reflect.NativeMethodAccessorImpl.invoke(Unknown Source)
at sun.reflect.DelegatingMethodAccessorImpl.invoke(Unknown Source)
at java.lang.reflect.Method.invoke(Unknown Source)
at org.testng.internal.MethodInvocationHelper.invokeMethod(MethodInvocationHelper.java:124)
at org.testng.internal.Invoker.invokeMethod(Invoker.java:583)
at org.testng.internal.Invoker.invokeTestMethod(Invoker.java:719)
at org.testng.internal.Invoker.invokeTestMethods(Invoker.java:989)
at org.testng.internal.TestMethodWorker.invokeTestMethods(TestMethodWorker.java:125)
at org.testng.internal.TestMethodWorker.run(TestMethodWorker.java:109)
at org.testng.TestRunner.privateRun(TestRunner.java:648)
at org.testng.TestRunner.run(TestRunner.java:505)
at org.testng.SuiteRunner.runTest(SuiteRunner.java:455)
at org.testng.SuiteRunner.access$000(SuiteRunner.java:40)
at org.testng.SuiteRunner$SuiteWorker.run(SuiteRunner.java:489)
at org.testng.internal.thread.ThreadUtil$1.call(ThreadUtil.java:52)
at java.util.concurrent.FutureTask.run(Unknown Source)
at java.util.concurrent.ThreadPoolExecutor.runWorker(Unknown Source)
at java.util.concurrent.ThreadPoolExecutor$Worker.run(Unknown Source)
at java.lang.Thread.run(Unknown Source)
]]>
    </error>
  </testcase> <!-- NC30_CreateNewCustomer -->
  <testcase name="NC29_EmailFieldWithSpace" time="1.728" classname="com.bankguru.scripts.NewCustomerScript"/>
  <testcase name="NC11_CityHaveSpace" time="0.945" classname="com.bankguru.scripts.NewCustomerScript"/>
  <testcase name="NC20_PinFieldWithSpace" time="0.786" classname="com.bankguru.scripts.NewCustomerScript"/>
  <testcase name="NC05_AddressEmplty" time="1.169" classname="com.bankguru.scripts.NewCustomerScript"/>
  <testcase name="NC22_TelephoneFieldHaveSpace" time="1.385" classname="com.bankguru.scripts.NewCustomerScript"/>
  <testcase name="NC06_AddressHaveSpace" time="0.983" classname="com.bankguru.scripts.NewCustomerScript"/>
  <testcase name="NC19_PinFieldWithSpecialCharcter" time="0.905" classname="com.bankguru.scripts.NewCustomerScript"/>
  <testcase name="NC29_EmailFieldWithSpace" time="1.008" classname="com.bankguru.scripts.NewCustomerScript"/>
  <testcase name="NC26_EmailFieldEmpty" time="0.926" classname="com.bankguru.scripts.NewCustomerScript"/>
  <testcase name="NC09_CityWithNumberic" time="0.749" classname="com.bankguru.scripts.NewCustomerScript"/>
  <testcase name="NC26_EmailFieldEmpty" time="0.776" classname="com.bankguru.scripts.NewCustomerScript"/>
  <testcase name="NC19_PinFieldWithSpecialCharcter" time="0.848" classname="com.bankguru.scripts.NewCustomerScript"/>
  <testcase name="NC10_CityWithSpecialCharacter" time="1.031" classname="com.bankguru.scripts.NewCustomerScript"/>
  <testcase name="NC22_TelephoneFieldHaveSpace" time="1.977" classname="com.bankguru.scripts.NewCustomerScript"/>
  <testcase name="NC17_PinFieldEmpty" time="0.945" classname="com.bankguru.scripts.NewCustomerScript"/>
  <testcase name="NC20_PinFieldWithSpace" time="0.946" classname="com.bankguru.scripts.NewCustomerScript"/>
  <testcase name="NC14_StateFieldWithSpecialCharacter" time="0.728" classname="com.bankguru.scripts.NewCustomerScript"/>
  <testcase name="NC16_PINFiledWithNumberic" time="1.720" classname="com.bankguru.scripts.NewCustomerScript"/>
  <testcase name="NC08_CityFiledEmpty" time="1.344" classname="com.bankguru.scripts.NewCustomerScript"/>
  <testcase name="NC03_SpecialCharacters" time="0.662" classname="com.bankguru.scripts.NewCustomerScript"/>
  <testcase name="NC27_EmailFieldWithIncorrectFormat" time="1.105" classname="com.bankguru.scripts.NewCustomerScript"/>
  <testcase name="NC21_TelephoneFieldEmpty" time="1.129" classname="com.bankguru.scripts.NewCustomerScript"/>
  <testcase name="NC16_PINFiledWithNumberic" time="0.924" classname="com.bankguru.scripts.NewCustomerScript"/>
  <testcase name="NC08_CityFiledEmpty" time="0.980" classname="com.bankguru.scripts.NewCustomerScript"/>
  <testcase name="NC12_StateFieldEmpty" time="0.663" classname="com.bankguru.scripts.NewCustomerScript"/>
  <testcase name="NC01_NewCustomer01" time="1.014" classname="com.bankguru.scripts.NewCustomerScript"/>
  <testcase name="NC27_EmailFieldWithIncorrectFormat" time="1.020" classname="com.bankguru.scripts.NewCustomerScript"/>
  <testcase name="NC04_FirstCharacterBlank" time="0.968" classname="com.bankguru.scripts.NewCustomerScript"/>
  <testcase name="NC18_PinFieldHave6Digits" time="1.578" classname="com.bankguru.scripts.NewCustomerScript"/>
  <testcase name="NC02_NumericCase" time="8.603" classname="com.bankguru.scripts.NewCustomerScript"/>
  <testcase name="NC14_StateFieldWithSpecialCharacter" time="0.898" classname="com.bankguru.scripts.NewCustomerScript"/>
  <testcase name="NC09_CityWithNumberic" time="0.977" classname="com.bankguru.scripts.NewCustomerScript"/>
  <testcase name="NC25_TelephoneFieldWithSpecialCharacter" time="1.381" classname="com.bankguru.scripts.NewCustomerScript"/>
  <testcase name="NC13_StateFieldWithNumberic" time="0.938" classname="com.bankguru.scripts.NewCustomerScript"/>
  <testcase name="NC04_FirstCharacterBlank" time="1.667" classname="com.bankguru.scripts.NewCustomerScript"/>
  <testcase name="NC17_PinFieldEmpty" time="0.886" classname="com.bankguru.scripts.NewCustomerScript"/>
  <testcase name="NC11_CityHaveSpace" time="0.909" classname="com.bankguru.scripts.NewCustomerScript"/>
  <testcase name="NC06_AddressHaveSpace" time="0.811" classname="com.bankguru.scripts.NewCustomerScript"/>
  <testcase name="NC30_CreateNewCustomer" time="4.775" classname="com.bankguru.scripts.NewCustomerScript"/>
  <testcase name="NC13_StateFieldWithNumberic" time="0.670" classname="com.bankguru.scripts.NewCustomerScript"/>
  <testcase name="NC21_TelephoneFieldEmpty" time="1.211" classname="com.bankguru.scripts.NewCustomerScript"/>
  <testcase name="NC03_SpecialCharacters" time="1.370" classname="com.bankguru.scripts.NewCustomerScript"/>
  <testcase name="NC15_SateFieldWithSpace" time="1.088" classname="com.bankguru.scripts.NewCustomerScript"/>
  <testcase name="NC12_StateFieldEmpty" time="1.056" classname="com.bankguru.scripts.NewCustomerScript"/>
  <testcase name="NC15_SateFieldWithSpace" time="0.738" classname="com.bankguru.scripts.NewCustomerScript"/>
  <testcase name="NC01_NewCustomer01" time="0.678" classname="com.bankguru.scripts.NewCustomerScript"/>
  <testcase name="NC18_PinFieldHave6Digits" time="0.770" classname="com.bankguru.scripts.NewCustomerScript"/>
</testsuite> <!-- com.bankguru.scripts.NewCustomerScript -->
